Crashlog created at 2013-12-24 00:50:15 -0700

===== MESSAGE:

RuntimeError: no acceptor (port is in use or requires root privileges)

===== COMPILATION STACK:

  (empty)

===== STACK TRACE:

  0. /Users/julia/.rvm/rubies/ruby-2.0.0-p247/lib/ruby/gems/2.0.0/gems/eventmachine-1.0.3/lib/eventmachine.rb:526:in `start_tcp_server'
  1. /Users/julia/.rvm/rubies/ruby-2.0.0-p247/lib/ruby/gems/2.0.0/gems/eventmachine-1.0.3/lib/eventmachine.rb:526:in `start_server'
  2. /Users/julia/.rvm/rubies/ruby-2.0.0-p247/lib/ruby/gems/2.0.0/gems/thin-1.5.1/lib/thin/backends/tcp_server.rb:16:in `connect'
  3. /Users/julia/.rvm/rubies/ruby-2.0.0-p247/lib/ruby/gems/2.0.0/gems/thin-1.5.1/lib/thin/backends/base.rb:55:in `block in start'
  4. /Users/julia/.rvm/rubies/ruby-2.0.0-p247/lib/ruby/gems/2.0.0/gems/eventmachine-1.0.3/lib/eventmachine.rb:187:in `call'
  5. /Users/julia/.rvm/rubies/ruby-2.0.0-p247/lib/ruby/gems/2.0.0/gems/eventmachine-1.0.3/lib/eventmachine.rb:187:in `run_machine'
  6. /Users/julia/.rvm/rubies/ruby-2.0.0-p247/lib/ruby/gems/2.0.0/gems/eventmachine-1.0.3/lib/eventmachine.rb:187:in `run'
  7. /Users/julia/.rvm/rubies/ruby-2.0.0-p247/lib/ruby/gems/2.0.0/gems/thin-1.5.1/lib/thin/backends/base.rb:63:in `start'
  8. /Users/julia/.rvm/rubies/ruby-2.0.0-p247/lib/ruby/gems/2.0.0/gems/thin-1.5.1/lib/thin/server.rb:159:in `start'
  9. /Users/julia/.rvm/rubies/ruby-2.0.0-p247/lib/ruby/gems/2.0.0/gems/rack-1.5.2/lib/rack/handler/thin.rb:16:in `run'
  10. /Users/julia/.rvm/rubies/ruby-2.0.0-p247/lib/ruby/gems/2.0.0/gems/nanoc-3.6.7/lib/nanoc/cli/commands/view.rb:55:in `run'
  11. /Users/julia/.rvm/rubies/ruby-2.0.0-p247/lib/ruby/gems/2.0.0/gems/nanoc-3.6.7/lib/nanoc/cli/command_runner.rb:14:in `block in call'
  12. /Users/julia/.rvm/rubies/ruby-2.0.0-p247/lib/ruby/gems/2.0.0/gems/nanoc-3.6.7/lib/nanoc/cli/error_handler.rb:70:in `handle_while'
  13. /Users/julia/.rvm/rubies/ruby-2.0.0-p247/lib/ruby/gems/2.0.0/gems/nanoc-3.6.7/lib/nanoc/cli/error_handler.rb:26:in `handle_while'
  14. /Users/julia/.rvm/rubies/ruby-2.0.0-p247/lib/ruby/gems/2.0.0/gems/nanoc-3.6.7/lib/nanoc/cli/command_runner.rb:13:in `call'
  15. /Users/julia/.rvm/rubies/ruby-2.0.0-p247/lib/ruby/gems/2.0.0/gems/cri-2.4.0/lib/cri/command_dsl.rb:185:in `block in runner'
  16. /Users/julia/.rvm/rubies/ruby-2.0.0-p247/lib/ruby/gems/2.0.0/gems/cri-2.4.0/lib/cri/command.rb:296:in `call'
  17. /Users/julia/.rvm/rubies/ruby-2.0.0-p247/lib/ruby/gems/2.0.0/gems/cri-2.4.0/lib/cri/command.rb:296:in `run_this'
  18. /Users/julia/.rvm/rubies/ruby-2.0.0-p247/lib/ruby/gems/2.0.0/gems/cri-2.4.0/lib/cri/command.rb:249:in `run'
  19. /Users/julia/.rvm/rubies/ruby-2.0.0-p247/lib/ruby/gems/2.0.0/gems/cri-2.4.0/lib/cri/command.rb:262:in `run'
  20. /Users/julia/.rvm/rubies/ruby-2.0.0-p247/lib/ruby/gems/2.0.0/gems/nanoc-3.6.7/lib/nanoc/cli.rb:59:in `block in run'
  21. /Users/julia/.rvm/rubies/ruby-2.0.0-p247/lib/ruby/gems/2.0.0/gems/nanoc-3.6.7/lib/nanoc/cli/error_handler.rb:70:in `handle_while'
  22. /Users/julia/.rvm/rubies/ruby-2.0.0-p247/lib/ruby/gems/2.0.0/gems/nanoc-3.6.7/lib/nanoc/cli/error_handler.rb:26:in `handle_while'
  23. /Users/julia/.rvm/rubies/ruby-2.0.0-p247/lib/ruby/gems/2.0.0/gems/nanoc-3.6.7/lib/nanoc/cli.rb:57:in `run'
  24. /Users/julia/.rvm/rubies/ruby-2.0.0-p247/lib/ruby/gems/2.0.0/gems/nanoc-3.6.7/bin/nanoc:19:in `<top (required)>'
  25. /Users/julia/.rvm/gems/ruby-2.0.0-p247/bin/nanoc:23:in `load'
  26. /Users/julia/.rvm/gems/ruby-2.0.0-p247/bin/nanoc:23:in `<main>'
  27. /Users/julia/.rvm/gems/ruby-2.0.0-p247/bin/ruby_noexec_wrapper:14:in `eval'
  ... 30 more lines omitted. See full crash log for details.

===== VERSION INFORMATION:

nanoc 3.6.7 © 2007-2013 Denis Defreyne.
Running ruby 2.0.0 (2013-06-27) on x86_64-darwin12.3.0 with RubyGems 2.0.6.

===== SYSTEM INFORMATION:

Darwin Julias-MacBook-Air.local 12.5.0 Darwin Kernel Version 12.5.0: Mon Jul 29 16:33:49 PDT 2013; root:xnu-2050.48.11~1/RELEASE_X86_64 x86_64

===== INSTALLED GEMS:

  actionmailer 3.2.11, 4.0.0
  actionpack 3.2.11, 4.0.0
  activemodel 3.2.11, 4.0.0
  activerecord 3.2.11, 4.0.0
  activerecord-deprecated_finders 1.0.3
  activeresource 3.2.11
  activesupport 3.2.11, 4.0.0
  addressable 2.3.5
  adsf 1.1.1
  arel 3.0.2, 4.0.0
  atomic 1.1.14
  bcrypt-ruby 3.0.1, 3.1.2
  builder 3.0.4, 3.1.4
  cancan 1.6.10
  capybara 2.1.0
  celluloid 0.15.2
  chronic 0.10.1
  chunky_png 1.2.9
  classifier 1.3.3
  coderay 1.0.9
  coffee-rails 3.2.2, 4.0.0
  coffee-script 2.2.0
  coffee-script-source 1.6.3
  colorator 0.1
  colored 1.2
  commander 4.1.5
  commonjs 0.2.7
  compass 0.12.2
  cri 2.4.0
  cucumber 1.3.6
  cucumber-rails 1.4.0
  daemons 1.1.9
  database_cleaner 1.1.1
  diff-lcs 1.2.4
  email_spec 1.5.0
  erubis 2.7.0
  eventmachine 1.0.3
  execjs 1.4.0, 2.0.1
  factory_girl 4.2.0
  factory_girl_rails 4.2.1
  faker 1.2.0
  fast-stemmer 1.0.2
  ffi 1.9.0
  formatador 0.2.4
  fssm 0.2.10
  geokit 1.6.5
  gherkin 2.12.1
  gmaps4rails 1.5.6
  guard 1.8.2
  guard-nanoc 1.0.1, 1.0.2
  haml 4.0.4
  highline 1.6.20
  hike 1.2.3
  hirb 0.7.1
  i18n 0.6.5
  jbuilder 1.5.1
  jekyll 1.3.0
  journey 1.0.4
  jquery-rails 3.0.4
  jquery-ui-rails 4.0.4
  json 1.8.0
  kgio 2.8.1
  kramdown 1.2.0
  launchy 2.3.0
  less 2.4.0
  less-rails 2.4.0
  libv8 3.11.8.17
  liquid 2.5.3
  listen 1.3.1, 2.4.0
  lumberjack 1.0.4
  mail 2.4.4, 2.5.4
  maruku 0.6.1
  metaclass 0.0.1
  method_source 0.8.2
  middleman-core 3.2.1
  middleman-sprockets 3.2.0
  mime-types 1.25
  mini_portile 0.5.1
  minitest 2.11.4, 4.7.5
  mocha 0.14.0
  multi_json 1.7.9, 1.8.0
  multi_test 0.0.2
  nanoc 3.6.4, 3.6.7
  nifty-generators 0.4.6
  nokogiri 1.6.0
  pg 0.16.0, 0.17.0
  polyglot 0.3.3
  populator3 0.2.7
  posix-spawn 0.3.6
  pry 0.9.12.2
  pygments.rb 0.5.4
  rack 1.4.5, 1.5.2
  rack-cache 1.2
  rack-ssl 1.3.3
  rack-test 0.6.2
  rails 3.2.11, 4.0.0
  rails_12factor 0.0.2
  rails_serve_static_assets 0.0.1
  rails_stdout_logging 0.0.2
  railties 3.2.11, 4.0.0
  raindrops 0.12.0
  rb-fsevent 0.9.3
  rb-inotify 0.9.1
  rb-kqueue 0.2.0
  rdoc 3.12.2
  redcarpet 2.3.0
  ref 1.0.5
  safe_yaml 0.9.7
  sass 3.2.10
  sass-rails 3.2.6, 4.0.0
  sdoc 0.3.20
  shoulda 3.5.0
  shoulda-context 1.1.5
  shoulda-matchers 2.3.0
  simple_form 2.1.0
  simplecov 0.7.1
  simplecov-html 0.7.1
  slop 3.4.6
  sprockets 2.2.2, 2.10.0
  sprockets-helpers 1.0.1
  sprockets-rails 2.0.0
  sprockets-sass 1.0.2
  sqlite3 1.3.8
  syntax 1.0.0
  tconsole 1.1.1
  term-ansicolor 1.0.7
  therubyracer 0.11.4
  thin 1.5.1
  thor 0.18.1
  thread_safe 0.1.3
  tilt 1.4.1
  timeliness 0.3.7
  timers 1.1.0
  treetop 1.4.15
  twitter-bootstrap-rails 2.2.8
  tzinfo 0.3.37
  uglifier 2.1.2, 2.2.1
  unicorn 4.6.3
  validates_timeliness 3.0.14
  will_paginate 3.0.4
  wirble 0.1.3
  xpath 2.0.0
  yajl-ruby 1.1.0

===== ENVIRONMENT:

HOME => "/Users/julia"
LANG => "en_US.UTF-8"
LOGNAME => "root"
MAIL => "/var/mail/root"
PATH => "/Users/julia/.rvm/gems/ruby-2.0.0-p247/bin:/Users/julia/.rvm/gems/ruby-2.0.0-p247@global/bin:/Users/julia/.rvm/rubies/ruby-2.0.0-p247/bin:/Users/julia/.rvm/bin:/usr/local/share/npm/bin:/usr/local/heroku/bin:/usr/local/bin:/usr/local/bin:/usr/local/bin:/usr/bin:/bin:/usr/sbin:/sbin:/usr/local/bin:/usr/local/git/bin"
SHELL => "/bin/zsh"
SSH_AUTH_SOCK => "/tmp/launch-L446XX/Listeners"
SUDO_COMMAND => "/Users/julia/.rvm/gems/ruby-2.0.0-p247/bin/nanoc view"
SUDO_GID => "20"
SUDO_UID => "501"
SUDO_USER => "julia"
TERM => "xterm-256color"
USER => "root"
USERNAME => "root"
__CF_USER_TEXT_ENCODING => "0x1F5:0:0"

===== LOAD PATHS:

  0. /Users/julia/.rvm/rubies/ruby-2.0.0-p247/lib/ruby/gems/2.0.0/gems/nanoc-3.6.7/lib
  1. /Users/julia/.rvm/rubies/ruby-2.0.0-p247/lib/ruby/gems/2.0.0/gems/colored-1.2/lib
  2. /Users/julia/.rvm/rubies/ruby-2.0.0-p247/lib/ruby/gems/2.0.0/gems/cri-2.4.0/lib
  3. /Users/julia/.rvm/rubies/ruby-2.0.0-p247/lib/ruby/gems/2.0.0/gems/nanoc-3.6.7/lib
  4. /Users/julia/.rvm/rubies/ruby-2.0.0-p247/lib/ruby/gems/2.0.0/gems/adsf-1.1.1/lib
  5. /Users/julia/.rvm/rubies/ruby-2.0.0-p247/lib/ruby/gems/2.0.0/gems/rack-1.5.2/lib
  6. /Users/julia/.rvm/rubies/ruby-2.0.0-p247/lib/ruby/gems/2.0.0/gems/eventmachine-1.0.3/lib
  7. /Users/julia/.rvm/rubies/ruby-2.0.0-p247/lib/ruby/gems/2.0.0/gems/daemons-1.1.9/lib
  8. /Users/julia/.rvm/rubies/ruby-2.0.0-p247/lib/ruby/gems/2.0.0/gems/thin-1.5.1/lib
  9. /Users/julia/.rvm/rubies/ruby-2.0.0-p247/lib/ruby/site_ruby/2.0.0
  10. /Users/julia/.rvm/rubies/ruby-2.0.0-p247/lib/ruby/site_ruby/2.0.0/x86_64-darwin12.3.0
  11. /Users/julia/.rvm/rubies/ruby-2.0.0-p247/lib/ruby/site_ruby
  12. /Users/julia/.rvm/rubies/ruby-2.0.0-p247/lib/ruby/vendor_ruby/2.0.0
  13. /Users/julia/.rvm/rubies/ruby-2.0.0-p247/lib/ruby/vendor_ruby/2.0.0/x86_64-darwin12.3.0
  14. /Users/julia/.rvm/rubies/ruby-2.0.0-p247/lib/ruby/vendor_ruby
  15. /Users/julia/.rvm/rubies/ruby-2.0.0-p247/lib/ruby/2.0.0
  16. /Users/julia/.rvm/rubies/ruby-2.0.0-p247/lib/ruby/2.0.0/x86_64-darwin12.3.0
